<?xml version="1.0" encoding="UTF-8"?>
<testng-results ignored="0" total="1" passed="1" failed="0" skipped="0">
  <reporter-output>
  </reporter-output>
  <suite started-at="2022-02-21T16:38:04Z" name="Default suite" finished-at="2022-02-21T16:38:06Z" duration-ms="1999">
    <groups>
    </groups>
    <test started-at="2022-02-21T16:38:04Z" name="Default test" finished-at="2022-02-21T16:38:06Z" duration-ms="1999">
      <class name="org.testing.TestScripts2.TC1">
        <test-method signature="testCase1()[pri:0, instance:org.testing.TestScripts2.TC1@3232a28a]" started-at="2022-02-21T06:38:04Z" name="testCase1" finished-at="2022-02-21T06:38:06Z" duration-ms="1972" status="PASS">
          <reporter-output>
          </reporter-output>
        </test-method> <!-- testCase1 -->
      </class> <!-- org.testing.TestScripts2.TC1 -->
    </test> <!-- Default test -->
  </suite> <!-- Default suite -->
</testng-results>
