<?xml version="1.0" encoding="UTF-8"?>
<testng-results ignored="0" total="6" passed="6" failed="0" skipped="0">
  <reporter-output>
  </reporter-output>
  <suite started-at="2021-12-22T17:55:36Z" name="Suite" finished-at="2021-12-22T17:55:38Z" duration-ms="1875">
    <groups>
    </groups>
    <test started-at="2021-12-22T17:55:36Z" name="Test" finished-at="2021-12-22T17:55:38Z" duration-ms="1875">
      <class name="org.testing.TestScripts2.TC2">
        <test-method signature="testCase2()[pri:0, instance:org.testing.TestScripts2.TC2@5c90e579]" started-at="2021-12-22T12:55:38Z" name="testCase2" finished-at="2021-12-22T12:55:38Z" duration-ms="56" status="PASS">
          <reporter-output>
          </reporter-output>
        </test-method> <!-- testCase2 -->
      </class> <!-- org.testing.TestScripts2.TC2 -->
      <class name="org.testing.TestScripts2.TC1">
        <test-method signature="testCase1()[pri:0, instance:org.testing.TestScripts2.TC1@6ab778a]" started-at="2021-12-22T12:55:36Z" name="testCase1" finished-at="2021-12-22T12:55:38Z" duration-ms="1600" status="PASS">
          <reporter-output>
          </reporter-output>
        </test-method> <!-- testCase1 -->
      </class> <!-- org.testing.TestScripts2.TC1 -->
      <class name="org.testing.TestScripts2.TC4">
        <test-method signature="testCase4()[pri:0, instance:org.testing.TestScripts2.TC4@6f45df59]" started-at="2021-12-22T12:55:38Z" name="testCase4" finished-at="2021-12-22T12:55:38Z" duration-ms="98" status="PASS">
          <reporter-output>
          </reporter-output>
        </test-method> <!-- testCase4 -->
      </class> <!-- org.testing.TestScripts2.TC4 -->
      <class name="org.testing.TestScripts2.TC3">
        <test-method signature="testCase3()[pri:0, instance:org.testing.TestScripts2.TC3@58ea606c]" started-at="2021-12-22T12:55:38Z" name="testCase3" finished-at="2021-12-22T12:55:38Z" duration-ms="32" status="PASS">
          <reporter-output>
          </reporter-output>
        </test-method> <!-- testCase3 -->
      </class> <!-- org.testing.TestScripts2.TC3 -->
      <class name="org.testing.TestScripts2.TC6">
        <test-method signature="Testcase6()[pri:0, instance:org.testing.TestScripts2.TC6@63070bab]" started-at="2021-12-22T12:55:38Z" name="Testcase6" finished-at="2021-12-22T12:55:38Z" duration-ms="34" status="PASS">
          <reporter-output>
          </reporter-output>
        </test-method> <!-- Testcase6 -->
      </class> <!-- org.testing.TestScripts2.TC6 -->
      <class name="org.testing.TestScripts2.TC5">
        <test-method signature="testCase5()[pri:0, instance:org.testing.TestScripts2.TC5@38e79ae3]" started-at="2021-12-22T12:55:38Z" name="testCase5" finished-at="2021-12-22T12:55:38Z" duration-ms="35" status="PASS">
          <reporter-output>
          </reporter-output>
        </test-method> <!-- testCase5 -->
      </class> <!-- org.testing.TestScripts2.TC5 -->
    </test> <!-- Test -->
  </suite> <!-- Suite -->
</testng-results>
