<?xml version="1.0" encoding="UTF-8"?>
<testsuite name="TestSuite" time="1.853" tests="6" errors="0" skipped="0" failures="0">
  <properties>
[...]
</properties>
  <testcase name="testCase1" classname="org.testing.TestScripts2.TC1" time="1.599"/>
  <testcase name="testCase2" classname="org.testing.TestScripts2.TC2" time="0.055"/>
  <testcase name="testCase3" classname="org.testing.TestScripts2.TC3" time="0.044"/>
  <testcase name="testCase4" classname="org.testing.TestScripts2.TC4" time="0.087"/>
  <testcase name="testCase5" classname="org.testing.TestScripts2.TC5" time="0.034"/>
  <testcase name="Testcase6" classname="org.testing.TestScripts2.TC6" time="0.034"/>
</testsuite>