<?xml version="1.0" encoding="UTF-8"?>
<!-- Generated by org.testng.reporters.JUnitXMLReporter -->
<testsuite ignored="0" hostname="karishmas-MacBook-Air.local" failures="0" tests="6" name="Test" time="1.875" errors="0" timestamp="22 Dec 2021 17:55:43 GMT">
  <testcase classname="org.testing.TestScripts2.TC1" name="testCase1" time="1.6"/>
  <testcase classname="org.testing.TestScripts2.TC2" name="testCase2" time="0.056"/>
  <testcase classname="org.testing.TestScripts2.TC3" name="testCase3" time="0.032"/>
  <testcase classname="org.testing.TestScripts2.TC4" name="testCase4" time="0.098"/>
  <testcase classname="org.testing.TestScripts2.TC5" name="testCase5" time="0.035"/>
  <testcase classname="org.testing.TestScripts2.TC6" name="Testcase6" time="0.034"/>
</testsuite> <!-- Test -->
