<?xml version="1.0" encoding="UTF-8"?>
<!-- Generated by org.testng.reporters.JUnitXMLReporter -->
<testsuite ignored="0" hostname="karishmas-MacBook-Air.local" failures="0" tests="6" name="Test" time="2.42" errors="0" timestamp="30 Jan 2022 14:07:19 GMT">
  <testcase classname="org.testing.TestScripts2.TC1" name="testCase1" time="1.482"/>
  <testcase classname="org.testing.TestScripts2.TC2" name="testCase2" time="0.73"/>
  <testcase classname="org.testing.TestScripts2.TC3" name="testCase3" time="0.033"/>
  <testcase classname="org.testing.TestScripts2.TC4" name="testCase4" time="0.055"/>
  <testcase classname="org.testing.TestScripts2.TC5" name="testCase5" time="0.033"/>
  <testcase classname="org.testing.TestScripts2.TC6" name="Testcase6" time="0.061"/>
</testsuite> <!-- Test -->
